{"numTotalTestSuites":66,"numPassedTestSuites":62,"numFailedTestSuites":4,"numPendingTestSuites":0,"numTotalTests":127,"numPassedTests":124,"numFailedTests":3,"numPendingTests":0,"numTodoTests":0,"snapshot":{"added":0,"failure":false,"filesAdded":0,"filesRemoved":0,"filesRemovedList":[],"filesUnmatched":0,"filesUpdated":0,"matched":0,"total":0,"unchecked":0,"uncheckedKeysByFile":[],"unmatched":0,"updated":0,"didUpdate":false},"startTime":1785672886733,"success":false,"testResults":[{"assertionResults":[{"ancestorTitles":["App"],"fullName":"App renders without crashing","status":"passed","title":"renders without crashing","duration":76.88556900000003,"failureMessages":[],"meta":{},"tags":[]}],"startTime":1785672925229,"endTime":1785672925305.8855,"status":"passed","message":"","name":"/app/applet/src/__tests__/App.test.tsx"},{"assertionResults":[{"ancestorTitles":["Avatar Components"],"fullName":"Avatar Components AvatarModel renders without crashing","status":"passed","title":"AvatarModel renders without crashing","duration":44.08957400000054,"failureMessages":[],"meta":{},"tags":[]},{"ancestorTitles":["Avatar Components"],"fullName":"Avatar Components AvatarScene renders Canvas and Model","status":"passed","title":"AvatarScene renders Canvas and Model","duration":84.31320200000027,"failureMessages":[],"meta":{},"tags":[]},{"ancestorTitles":["Avatar Components"],"fullName":"Avatar Components PlayerPortrait renders correctly wrapped with GameProvider","status":"failed","title":"PlayerPortrait renders correctly wrapped with GameProvider","duration":19.76595499999985,"failureMessages":["TestingLibraryElementError: Unable to find an element by: [data-testid=\"mock-canvas\"]\n\nIgnored nodes: comments, script, style\n\u001b[36m<body>\u001b[39m\n  \u001b[36m<div>\u001b[39m\n    \u001b[36m<div\u001b[39m\n      \u001b[33mclass\u001b[39m=\u001b[32m\"w-full h-full min-h-[300px] relative \"\u001b[39m\n    \u001b[36m>\u001b[39m\n      \u001b[36m<div\u001b[39m\n        \u001b[33mclass\u001b[39m=\u001b[32m\"absolute inset-0 flex items-center justify-center bg-black/40 backdrop-blur-md rounded-full\"\u001b[39m\n      \u001b[36m>\u001b[39m\n        \u001b[36m<div\u001b[39m\n          \u001b[33mclass\u001b[39m=\u001b[32m\"w-8 h-8 rounded-full border-2 border-yellow-500/20 border-t-yellow-500 animate-spin\"\u001b[39m\n        \u001b[36m/>\u001b[39m\n      \u001b[36m</div>\u001b[39m\n    \u001b[36m</div>\u001b[39m\n  \u001b[36m</div>\u001b[39m\n\u001b[36m</body>\u001b[39m\n    at Object.getElementError (/app/applet/node_modules/@testing-library/dom/dist/config.js:37:19)\n    at /app/applet/node_modules/@testing-library/dom/dist/query-helpers.js:76:38\n    at /app/applet/node_modules/@testing-library/dom/dist/query-helpers.js:52:17\n    at /app/applet/node_modules/@testing-library/dom/dist/query-helpers.js:95:19\n    at /app/applet/src/__tests__/AvatarComponents.test.tsx:82:12\n    at file:///app/applet/node_modules/@vitest/runner/dist/chunk-artifact.js:302:11\n    at file:///app/applet/node_modules/@vitest/runner/dist/chunk-artifact.js:1903:26\n    at file:///app/applet/node_modules/@vitest/runner/dist/chunk-artifact.js:2326:20\n    at new Promise (<anonymous>)\n    at runWithCancel (file:///app/applet/node_modules/@vitest/runner/dist/chunk-artifact.js:2323:10)"],"meta":{},"tags":[]}],"startTime":1785672896578,"endTime":1785672896725.7659,"status":"failed","message":"","name":"/app/applet/src/__tests__/AvatarComponents.test.tsx"},{"assertionResults":[{"ancestorTitles":["CreationAttributes"],"fullName":"CreationAttributes renders mode selection initially","status":"failed","title":"renders mode selection initially","duration":108.01450699999987,"failureMessages":["TestingLibraryElementError: Unable to find an element with the text: Select (Normal). This could be because the text is broken up by multiple elements. In this case, you can provide a function for your text matcher to make your matcher more flexible.\n\nIgnored nodes: comments, script, style\n\u001b[36m<body>\u001b[39m\n  \u001b[36m<div>\u001b[39m\n    \u001b[36m<div\u001b[39m\n      \u001b[33mclass\u001b[39m=\u001b[32m\"w-full h-full flex flex-col items-center justify-center relative p-8\"\u001b[39m\n    \u001b[36m>\u001b[39m\n      \u001b[36m<h1\u001b[39m\n        \u001b[33mclass\u001b[39m=\u001b[32m\"text-5xl font-black text-white drop-shadow-[0_0_30px_rgba(255,255,255,0.5)] uppercase mb-4 text-center\"\u001b[39m\n      \u001b[36m>\u001b[39m\n        \u001b[0mModo de Draft\u001b[0m\n      \u001b[36m</h1>\u001b[39m\n      \u001b[36m<p\u001b[39m\n        \u001b[33mclass\u001b[39m=\u001b[32m\"text-zinc-400 font-bold mb-12 max-w-2xl text-center\"\u001b[39m\n      \u001b[36m>\u001b[39m\n        \u001b[0mO Draft definirá os atributos base do seu jogador. Escolha o modo de jogo que mais combina com seu estilo.\u001b[0m\n      \u001b[36m</p>\u001b[39m\n      \u001b[36m<div\u001b[39m\n        \u001b[33mclass\u001b[39m=\u001b[32m\"flex gap-8 max-w-4xl w-full\"\u001b[39m\n      \u001b[36m>\u001b[39m\n        \u001b[36m<button\u001b[39m\n          \u001b[33mclass\u001b[39m=\u001b[32m\"flex-1 bg-white/5 border border-white/10 hover:border-yellow-500/50 hover:bg-yellow-500/10 rounded-[2rem] p-8 text-left transition-all duration-300 group\"\u001b[39m\n        \u001b[36m>\u001b[39m\n          \u001b[36m<div\u001b[39m\n            \u001b[33mclass\u001b[39m=\u001b[32m\"w-16 h-16 bg-white/10 rounded-2xl flex items-center justify-center mb-6 group-hover:scale-110 transition-transform\"\u001b[39m\n          \u001b[36m>\u001b[39m\n            \u001b[36m<span\u001b[39m\n              \u001b[33mclass\u001b[39m=\u001b[32m\"text-3xl\"\u001b[39m\n            \u001b[36m>\u001b[39m\n              \u001b[0m🧠\u001b[0m\n            \u001b[36m</span>\u001b[39m\n          \u001b[36m</div>\u001b[39m\n          \u001b[36m<h2\u001b[39m\n            \u001b[33mclass\u001b[39m=\u001b[32m\"text-3xl font-black text-white mb-4 uppercase tracking-tight\"\u001b[39m\n          \u001b[36m>\u001b[39m\n            \u001b[0mEstratégico\u001b[0m\n          \u001b[36m</h2>\u001b[39m\n          \u001b[36m<ul\u001b[39m\n            \u001b[33mclass\u001b[39m=\u001b[32m\"space-y-3 text-sm font-bold text-zinc-400\"\u001b[39m\n          \u001b[36m>\u001b[39m\n            \u001b[36m<li\u001b[39m\n              \u001b[33mclass\u001b[39m=\u001b[32m\"flex items-center gap-2\"\u001b[39m\n            \u001b[36m>\u001b[39m\n              \u001b[36m<svg\u001b[39m\n                \u001b[33maria-hidden\u001b[39m=\u001b[32m\"true\"\u001b[39m\n                \u001b[33mclass\u001b[39m=\u001b[32m\"lucide lucide-check text-yellow-500\"\u001b[39m\n                \u001b[33mfill\u001b[39m=\u001b[32m\"none\"\u001b[39m\n                \u001b[33mheight\u001b[39m=\u001b[32m\"16\"\u001b[39m\n                \u001b[33mstroke\u001b[39m=\u001b[32m\"currentColor\"\u001b[39m\n                \u001b[33mstroke-linecap\u001b[39m=\u001b[32m\"round\"\u001b[39m\n                \u001b[33mstroke-linejoin\u001b[39m=\u001b[32m\"round\"\u001b[39m\n                \u001b[33mstroke-width\u001b[39m=\u001b[32m\"2\"\u001b[39m\n                \u001b[33mviewBox\u001b[39m=\u001b[32m\"0 0 24 24\"\u001b[39m\n                \u001b[33mwidth\u001b[39m=\u001b[32m\"16\"\u001b[39m\n                \u001b[33mxmlns\u001b[39m=\u001b[32m\"http://www.w3.org/2000/svg\"\u001b[39m\n              \u001b[36m>\u001b[39m\n                \u001b[36m<path\u001b[39m\n                  \u001b[33md\u001b[39m=\u001b[32m\"M20 6 9 17l-5-5\"\u001b[39m\n                \u001b[36m/>\u001b[39m\n              \u001b[36m</svg>\u001b[39m\n              \u001b[0m Todas as cartas são reveladas.\u001b[0m\n            \u001b[36m</li>\u001b[39m\n            \u001b[36m<li\u001b[39m\n              \u001b[33mclass\u001b[39m=\u001b[32m\"flex items-center gap-2\"\u001b[39m\n            \u001b[36m>\u001b[39m\n              \u001b[36m<svg\u001b[39m\n                \u001b[33maria-hidden\u001b[39m=\u001b[32m\"true\"\u001b[39m\n                \u001b[33mclass\u001b[39m=\u001b[32m\"lucide lucide-check text-yellow-500\"\u001b[39m\n                \u001b[33mfill\u001b[39m=\u001b[32m\"none\"\u001b[39m\n                \u001b[33mheight\u001b[39m=\u001b[32m\"16\"\u001b[39m\n                \u001b[33mstroke\u001b[39m=\u001b[32m\"currentColor\"\u001b[39m\n                \u001b[33mstroke-linecap\u001b[39m=\u001b[32m\"round\"\u001b[39m\n                \u001b[33mstroke-linejoin\u001b[39m=\u001b[32m\"round\"\u001b[39m\n                \u001b[33mstroke-width\u001b[39m=\u001b[32m\"2\"\u001b[39m\n                \u001b[33mviewBox\u001b[39m=\u001b[32m\"0 0 24 24\"\u001b[39m\n                \u001b[33mwidth\u001b[39m=\u001b[32m\"16\"\u001b[39m\n                \u001b[33mxmlns\u001b[39m=\u001b[32m\"http://www.w3.org/2000/svg\"\u001b[39m\n              \u001b[36m>\u001b[39m\n                \u001b[36m<path\u001b[39m\n                  \u001b[33md\u001b[39m=\u001b[32m\"M20 6 9 17l-5-5\"\u001b[39m\n                \u001b[36m/>\u001b[39m\n              \u001b[36m</svg>\u001b[39m\n              \u001b[0m Você visualiza todos os atributos.\u001b[0m\n            \u001b[36m</li>\u001b[39m\n            \u001b[36m<li\u001b[39m\n              \u001b[33mclass\u001b[39m=\u001b[32m\"flex items-center gap-2\"\u001b[39m\n            \u001b[36m>\u001b[39m\n              \u001b[36m<svg\u001b[39m\n                \u001b[33maria-hidden\u001b[39m=\u001b[32m\"true\"\u001b[39m\n                \u001b[33mclass\u001b[39m=\u001b[32m\"lucide lucide-check text-yellow-500\"\u001b[39m\n                \u001b[33mfill\u001b[39m=\u001b[32m\"none\"\u001b[39m\n                \u001b[33mheight\u001b[39m=\u001b[32m\"16\"\u001b[39m\n                \u001b[33mstroke\u001b[39m=\u001b[32m\"currentColor\"\u001b[39m\n                \u001b[33mstroke-linecap\u001b[39m=\u001b[32m\"round\"\u001b[39m\n                \u001b[33mstroke-linejoin\u001b[39m=\u001b[32m\"round\"\u001b[39m\n                \u001b[33mstroke-width\u001b[39m=\u001b[32m\"2\"\u001b[39m\n                \u001b[33mviewBox\u001b[39m=\u001b[32m\"0 0 24 24\"\u001b[39m\n                \u001b[33mwidth\u001b[39m=\u001b[32m\"16\"\u001b[39m\n                \u001b[33mxmlns\u001b[39m=\u001b[32m\"http://www.w3.org/2000/svg\"\u001b[39m\n              \u001b[36m>\u001b[39m\n                \u001b[36m<path\u001b[39m\n                  \u001b[33md\u001b[39m=\u001b[32m\"M20 6 9 17l-5-5\"\u001b[39m\n                \u001b[36m/>\u001b[39m\n              \u001b[36m</svg>\u001b[39m\n              \u001b[0m Compare antes de escolher.\u001b[0m\n            \u001b[36m</li>\u001b[39m\n          \u001b[36m</ul>\u001b[39m\n        \u001b[36m</button>\u001b[39m\n        \u001b[36m<button\u001b[39m\n          \u001b[33mclass\u001b[39m=\u001b[32m\"flex-1 bg-white/5 border border-white/10 hover:border-blue-500/50 hover:bg-blue-500/10 rounded-[2rem] p-8 text-left transition-all duration-300 group\"\u001b[39m\n        \u001b[36m>\u001b[39m\n          \u001b[36m<div\u001b[39m\n            \u001b[33mclass\u001b[39m=\u001b[32m\"w-16 h-16 bg-white/10 rounded-2xl flex items-center justify-center mb-6 group-hover:scale-110 transition-transform\"\u001b[39m\n          \u001b[36m>\u001b[39m\n            \u001b[36m<span\u001b[39m\n              \u001b[33mclass\u001b[39m=\u001b[32m\"text-3xl\"\u001b[39m\n            \u001b[36m>\u001b[39m\n              \u001b[0m🕵️\u001b[0m\n            \u001b[36m</span>\u001b[39m\n          \u001b[36m</div>\u001b[39m\n          \u001b[36m<h2\u001b[39m\n            \u001b[33mclass\u001b[39m=\u001b[32m\"text-3xl font-black text-white mb-4 uppercase tracking-tight\"\u001b[39m\n          \u001b[36m>\u001b[39m\n            \u001b[0mScout (Às Cegas)\u001b[0m\n          \u001b[36m</h2>\u001b[39m\n          \u001b[36m<ul\u001b[39m\n            \u001b[33mclass\u001b[39m=\u001b[32m\"space-y-3 text-sm font-bold text-zinc-400\"\u001b[39m\n          \u001b[36m>\u001b[39m\n            \u001b[36m<li\u001b[39m\n              \u001b[33mclass\u001b[39m=\u001b[32m\"flex items-center gap-2\"\u001b[39m\n            \u001b[36m>\u001b[39m\n              \u001b[36m<svg\u001b[39m\n                \u001b[33maria-hidden\u001b[39m=\u001b[32m\"true\"\u001b[39m\n                \u001b[33mclass\u001b[39m=\u001b[32m\"lucide lucide-check text-blue-500\"\u001b[39m\n                \u001b[33mfill\u001b[39m=\u001b[32m\"none\"\u001b[39m\n                \u001b[33mheight\u001b[39m=\u001b[32m\"16\"\u001b[39m\n                \u001b[33mstroke\u001b[39m=\u001b[32m\"currentColor\"\u001b[39m\n                \u001b[33mstroke-linecap\u001b[39m=\u001b[32m\"round\"\u001b[39m\n                \u001b[33mstroke-linejoin\u001b[39m=\u001b[32m\"round\"\u001b[39m\n                \u001b[33mstroke-width\u001b[39m=\u001b[32m\"2\"\u001b[39m\n                \u001b[33mviewBox\u001b[39m=\u001b[32m\"0 0 24 24\"\u001b[39m\n                \u001b[33mwidth\u001b[39m=\u001b[32m\"16\"\u001b[39m\n                \u001b[33mxmlns\u001b[39m=\u001b[32m\"http://www.w3.org/2000/svg\"\u001b[39m\n              \u001b[36m>\u001b[39m\n                \u001b[36m<path\u001b[39m\n                  \u001b[33md\u001b[39m=\u001b[32m\"M20 6 9 17l-5-5\"\u001b[39m\n                \u001b[36m/>\u001b[39m\n              \u001b[36m</svg>\u001b[39m\n              \u001b[0m O atributo da categoria fica oculto (???).\u001b[0m\n            \u001b[36m</li>\u001b[39m\n            \u001b[36m<li\u001b[39m\n              \u001b[33mclass\u001b[39m=\u001b[32m\"flex items-center gap-2\"\u001b[39m\n            \u001b[36m>\u001b[39m\n              \u001b[36m<svg\u001b[39m\n                \u001b[33maria-hidden\u001b[39m=\u001b[32m\"true\"\u001b[39m\n                \u001b[33mclass\u001b[39m=\u001b[32m\"lucide lucide-check text-blue-500\"\u001b[39m\n                \u001b[33mfill\u001b[39m=\u001b[32m\"none\"\u001b[39m\n                \u001b[33mheight\u001b[39m=\u001b[32m\"16\"\u001b[39m\n                \u001b[33mstroke\u001b[39m=\u001b[32m\"currentColor\"\u001b[39m\n                \u001b[33mstroke-linecap\u001b[39m=\u001b[32m\"round\"\u001b[39m\n                \u001b[33mstroke-linejoin\u001b[39m=\u001b[32m\"round\"\u001b[39m\n                \u001b[33mstroke-width\u001b[39m=\u001b[32m\"2\"\u001b[39m\n                \u001b[33mviewBox\u001b[39m=\u001b[32m\"0 0 24 24\"\u001b[39m\n                \u001b[33mwidth\u001b[39m=\u001b[32m\"16\"\u001b[39m\n                \u001b[33mxmlns\u001b[39m=\u001b[32m\"http://www.w3.org/2000/svg\"\u001b[39m\n              \u001b[36m>\u001b[39m\n                \u001b[36m<path\u001b[39m\n                  \u001b[33md\u001b[39m=\u001b[32m\"M20 6 9 17l-5-5\"\u001b[39m\n                \u001b[36m/>\u001b[39m\n              \u001b[36m</svg>\u001b[39m\n              \u001b[0m Deduza pelo nome, foto e posição.\u001b[0m\n            \u001b[36m</li>\u001b[39m\n            \u001b[36m<li\u001b[39m\n              \u001b[33mclass\u001b[39m=\u001b[32m\"flex items-center gap-2\"\u001b[39m\n            \u001b[36m>\u001b[39m\n              \u001b[36m<svg\u001b[39m\n                \u001b[33maria-hidden\u001b[39m=\u001b[32m\"true\"\u001b[39m\n                \u001b[33mclass\u001b[39m=\u001b[32m\"lucide lucide-check text-blue-500\"\u001b[39m\n                \u001b[33mfill\u001b[39m=\u001b[32m\"none\"\u001b[39m\n                \u001b[33mheight\u001b[39m=\u001b[32m\"16\"\u001b[39m\n                \u001b[33mstroke\u001b[39m=\u001b[32m\"currentColor\"\u001b[39m\n                \u001b[33mstroke-linecap\u001b[39m=\u001b[32m\"round\"\u001b[39m\n                \u001b[33mstroke-linejoin\u001b[39m=\u001b[32m\"round\"\u001b[39m\n                \u001b[33mstroke-width\u001b[39m=\u001b[32m\"2\"\u001b[39m\n                \u001b[33mviewBox\u001b[39m=\u001b[32m\"0 0 24 24\"\u001b[39m\n                \u001b[33mwidth\u001b[39m=\u001b[32m\"16\"\u001b[39m\n                \u001b[33mxmlns\u001b[39m=\u001b[32m\"http://www.w3.org/2000/svg\"\u001b[39m\n              \u001b[36m>\u001b[39m\n                \u001b[36m<path\u001b[39m\n                  \u001b[33md\u001b[39m=\u001b[32m\"M20 6 9 17l-5-5\"\u001b[39m\n                \u001b[36m/>\u001b[39m\n              \u001b[36m</svg>\u001b[39m\n              \u001b[0m Revelado somente após a escolha.\u001b[0m\n            \u001b[36m</li>\u001b[39m\n          \u001b[36m</ul>\u001b[39m\n        \u001b[36m</button>\u001b[39m\n      \u001b[36m</div>\u001b[39m\n    \u001b[36m</div>\u001b[39m\n  \u001b[36m</div>\u001b[39m\n\u001b[36m</body>\u001b[39m\n    at Object.getElementError (/app/applet/node_modules/@testing-library/dom/dist/config.js:37:19)\n    at /app/applet/node_modules/@testing-library/dom/dist/query-helpers.js:76:38\n    at /app/applet/node_modules/@testing-library/dom/dist/query-helpers.js:52:17\n    at /app/applet/node_modules/@testing-library/dom/dist/query-helpers.js:95:19\n    at /app/applet/src/__tests__/CreationAttributes.test.tsx:29:19\n    at file:///app/applet/node_modules/@vitest/runner/dist/chunk-artifact.js:302:11\n    at file:///app/applet/node_modules/@vitest/runner/dist/chunk-artifact.js:1903:26\n    at file:///app/applet/node_modules/@vitest/runner/dist/chunk-artifact.js:2326:20\n    at new Promise (<anonymous>)\n    at runWithCancel (file:///app/applet/node_modules/@vitest/runner/dist/chunk-artifact.js:2323:10)"],"meta":{},"tags":[]},{"ancestorTitles":["CreationAttributes"],"fullName":"CreationAttributes starts draft when a mode is selected","status":"failed","title":"starts draft when a mode is selected","duration":54.89802899999995,"failureMessages":["TestingLibraryElementError: Unable to find an element with the text: Select (Normal). This could be because the text is broken up by multiple elements. In this case, you can provide a function for your text matcher to make your matcher more flexible.\n\nIgnored nodes: comments, script, style\n\u001b[36m<body>\u001b[39m\n  \u001b[36m<div>\u001b[39m\n    \u001b[36m<div\u001b[39m\n      \u001b[33mclass\u001b[39m=\u001b[32m\"w-full h-full flex flex-col items-center justify-center relative p-8\"\u001b[39m\n    \u001b[36m>\u001b[39m\n      \u001b[36m<h1\u001b[39m\n        \u001b[33mclass\u001b[39m=\u001b[32m\"text-5xl font-black text-white drop-shadow-[0_0_30px_rgba(255,255,255,0.5)] uppercase mb-4 text-center\"\u001b[39m\n      \u001b[36m>\u001b[39m\n        \u001b[0mModo de Draft\u001b[0m\n      \u001b[36m</h1>\u001b[39m\n      \u001b[36m<p\u001b[39m\n        \u001b[33mclass\u001b[39m=\u001b[32m\"text-zinc-400 font-bold mb-12 max-w-2xl text-center\"\u001b[39m\n      \u001b[36m>\u001b[39m\n        \u001b[0mO Draft definirá os atributos base do seu jogador. Escolha o modo de jogo que mais combina com seu estilo.\u001b[0m\n      \u001b[36m</p>\u001b[39m\n      \u001b[36m<div\u001b[39m\n        \u001b[33mclass\u001b[39m=\u001b[32m\"flex gap-8 max-w-4xl w-full\"\u001b[39m\n      \u001b[36m>\u001b[39m\n        \u001b[36m<button\u001b[39m\n          \u001b[33mclass\u001b[39m=\u001b[32m\"flex-1 bg-white/5 border border-white/10 hover:border-yellow-500/50 hover:bg-yellow-500/10 rounded-[2rem] p-8 text-left transition-all duration-300 group\"\u001b[39m\n        \u001b[36m>\u001b[39m\n          \u001b[36m<div\u001b[39m\n            \u001b[33mclass\u001b[39m=\u001b[32m\"w-16 h-16 bg-white/10 rounded-2xl flex items-center justify-center mb-6 group-hover:scale-110 transition-transform\"\u001b[39m\n          \u001b[36m>\u001b[39m\n            \u001b[36m<span\u001b[39m\n              \u001b[33mclass\u001b[39m=\u001b[32m\"text-3xl\"\u001b[39m\n            \u001b[36m>\u001b[39m\n              \u001b[0m🧠\u001b[0m\n            \u001b[36m</span>\u001b[39m\n          \u001b[36m</div>\u001b[39m\n          \u001b[36m<h2\u001b[39m\n            \u001b[33mclass\u001b[39m=\u001b[32m\"text-3xl font-black text-white mb-4 uppercase tracking-tight\"\u001b[39m\n          \u001b[36m>\u001b[39m\n            \u001b[0mEstratégico\u001b[0m\n          \u001b[36m</h2>\u001b[39m\n          \u001b[36m<ul\u001b[39m\n            \u001b[33mclass\u001b[39m=\u001b[32m\"space-y-3 text-sm font-bold text-zinc-400\"\u001b[39m\n          \u001b[36m>\u001b[39m\n            \u001b[36m<li\u001b[39m\n              \u001b[33mclass\u001b[39m=\u001b[32m\"flex items-center gap-2\"\u001b[39m\n            \u001b[36m>\u001b[39m\n              \u001b[36m<svg\u001b[39m\n                \u001b[33maria-hidden\u001b[39m=\u001b[32m\"true\"\u001b[39m\n                \u001b[33mclass\u001b[39m=\u001b[32m\"lucide lucide-check text-yellow-500\"\u001b[39m\n                \u001b[33mfill\u001b[39m=\u001b[32m\"none\"\u001b[39m\n                \u001b[33mheight\u001b[39m=\u001b[32m\"16\"\u001b[39m\n                \u001b[33mstroke\u001b[39m=\u001b[32m\"currentColor\"\u001b[39m\n                \u001b[33mstroke-linecap\u001b[39m=\u001b[32m\"round\"\u001b[39m\n                \u001b[33mstroke-linejoin\u001b[39m=\u001b[32m\"round\"\u001b[39m\n                \u001b[33mstroke-width\u001b[39m=\u001b[32m\"2\"\u001b[39m\n                \u001b[33mviewBox\u001b[39m=\u001b[32m\"0 0 24 24\"\u001b[39m\n                \u001b[33mwidth\u001b[39m=\u001b[32m\"16\"\u001b[39m\n                \u001b[33mxmlns\u001b[39m=\u001b[32m\"http://www.w3.org/2000/svg\"\u001b[39m\n              \u001b[36m>\u001b[39m\n                \u001b[36m<path\u001b[39m\n                  \u001b[33md\u001b[39m=\u001b[32m\"M20 6 9 17l-5-5\"\u001b[39m\n                \u001b[36m/>\u001b[39m\n              \u001b[36m</svg>\u001b[39m\n              \u001b[0m Todas as cartas são reveladas.\u001b[0m\n            \u001b[36m</li>\u001b[39m\n            \u001b[36m<li\u001b[39m\n              \u001b[33mclass\u001b[39m=\u001b[32m\"flex items-center gap-2\"\u001b[39m\n            \u001b[36m>\u001b[39m\n              \u001b[36m<svg\u001b[39m\n                \u001b[33maria-hidden\u001b[39m=\u001b[32m\"true\"\u001b[39m\n                \u001b[33mclass\u001b[39m=\u001b[32m\"lucide lucide-check text-yellow-500\"\u001b[39m\n                \u001b[33mfill\u001b[39m=\u001b[32m\"none\"\u001b[39m\n                \u001b[33mheight\u001b[39m=\u001b[32m\"16\"\u001b[39m\n                \u001b[33mstroke\u001b[39m=\u001b[32m\"currentColor\"\u001b[39m\n                \u001b[33mstroke-linecap\u001b[39m=\u001b[32m\"round\"\u001b[39m\n                \u001b[33mstroke-linejoin\u001b[39m=\u001b[32m\"round\"\u001b[39m\n                \u001b[33mstroke-width\u001b[39m=\u001b[32m\"2\"\u001b[39m\n                \u001b[33mviewBox\u001b[39m=\u001b[32m\"0 0 24 24\"\u001b[39m\n                \u001b[33mwidth\u001b[39m=\u001b[32m\"16\"\u001b[39m\n                \u001b[33mxmlns\u001b[39m=\u001b[32m\"http://www.w3.org/2000/svg\"\u001b[39m\n              \u001b[36m>\u001b[39m\n                \u001b[36m<path\u001b[39m\n                  \u001b[33md\u001b[39m=\u001b[32m\"M20 6 9 17l-5-5\"\u001b[39m\n                \u001b[36m/>\u001b[39m\n              \u001b[36m</svg>\u001b[39m\n              \u001b[0m Você visualiza todos os atributos.\u001b[0m\n            \u001b[36m</li>\u001b[39m\n            \u001b[36m<li\u001b[39m\n              \u001b[33mclass\u001b[39m=\u001b[32m\"flex items-center gap-2\"\u001b[39m\n            \u001b[36m>\u001b[39m\n              \u001b[36m<svg\u001b[39m\n                \u001b[33maria-hidden\u001b[39m=\u001b[32m\"true\"\u001b[39m\n                \u001b[33mclass\u001b[39m=\u001b[32m\"lucide lucide-check text-yellow-500\"\u001b[39m\n                \u001b[33mfill\u001b[39m=\u001b[32m\"none\"\u001b[39m\n                \u001b[33mheight\u001b[39m=\u001b[32m\"16\"\u001b[39m\n                \u001b[33mstroke\u001b[39m=\u001b[32m\"currentColor\"\u001b[39m\n                \u001b[33mstroke-linecap\u001b[39m=\u001b[32m\"round\"\u001b[39m\n                \u001b[33mstroke-linejoin\u001b[39m=\u001b[32m\"round\"\u001b[39m\n                \u001b[33mstroke-width\u001b[39m=\u001b[32m\"2\"\u001b[39m\n                \u001b[33mviewBox\u001b[39m=\u001b[32m\"0 0 24 24\"\u001b[39m\n                \u001b[33mwidth\u001b[39m=\u001b[32m\"16\"\u001b[39m\n                \u001b[33mxmlns\u001b[39m=\u001b[32m\"http://www.w3.org/2000/svg\"\u001b[39m\n              \u001b[36m>\u001b[39m\n                \u001b[36m<path\u001b[39m\n                  \u001b[33md\u001b[39m=\u001b[32m\"M20 6 9 17l-5-5\"\u001b[39m\n                \u001b[36m/>\u001b[39m\n              \u001b[36m</svg>\u001b[39m\n              \u001b[0m Compare antes de escolher.\u001b[0m\n            \u001b[36m</li>\u001b[39m\n          \u001b[36m</ul>\u001b[39m\n        \u001b[36m</button>\u001b[39m\n        \u001b[36m<button\u001b[39m\n          \u001b[33mclass\u001b[39m=\u001b[32m\"flex-1 bg-white/5 border border-white/10 hover:border-blue-500/50 hover:bg-blue-500/10 rounded-[2rem] p-8 text-left transition-all duration-300 group\"\u001b[39m\n        \u001b[36m>\u001b[39m\n          \u001b[36m<div\u001b[39m\n            \u001b[33mclass\u001b[39m=\u001b[32m\"w-16 h-16 bg-white/10 rounded-2xl flex items-center justify-center mb-6 group-hover:scale-110 transition-transform\"\u001b[39m\n          \u001b[36m>\u001b[39m\n            \u001b[36m<span\u001b[39m\n              \u001b[33mclass\u001b[39m=\u001b[32m\"text-3xl\"\u001b[39m\n            \u001b[36m>\u001b[39m\n              \u001b[0m🕵️\u001b[0m\n            \u001b[36m</span>\u001b[39m\n          \u001b[36m</div>\u001b[39m\n          \u001b[36m<h2\u001b[39m\n            \u001b[33mclass\u001b[39m=\u001b[32m\"text-3xl font-black text-white mb-4 uppercase tracking-tight\"\u001b[39m\n          \u001b[36m>\u001b[39m\n            \u001b[0mScout (Às Cegas)\u001b[0m\n          \u001b[36m</h2>\u001b[39m\n          \u001b[36m<ul\u001b[39m\n            \u001b[33mclass\u001b[39m=\u001b[32m\"space-y-3 text-sm font-bold text-zinc-400\"\u001b[39m\n          \u001b[36m>\u001b[39m\n            \u001b[36m<li\u001b[39m\n              \u001b[33mclass\u001b[39m=\u001b[32m\"flex items-center gap-2\"\u001b[39m\n            \u001b[36m>\u001b[39m\n              \u001b[36m<svg\u001b[39m\n                \u001b[33maria-hidden\u001b[39m=\u001b[32m\"true\"\u001b[39m\n                \u001b[33mclass\u001b[39m=\u001b[32m\"lucide lucide-check text-blue-500\"\u001b[39m\n                \u001b[33mfill\u001b[39m=\u001b[32m\"none\"\u001b[39m\n                \u001b[33mheight\u001b[39m=\u001b[32m\"16\"\u001b[39m\n                \u001b[33mstroke\u001b[39m=\u001b[32m\"currentColor\"\u001b[39m\n                \u001b[33mstroke-linecap\u001b[39m=\u001b[32m\"round\"\u001b[39m\n                \u001b[33mstroke-linejoin\u001b[39m=\u001b[32m\"round\"\u001b[39m\n                \u001b[33mstroke-width\u001b[39m=\u001b[32m\"2\"\u001b[39m\n                \u001b[33mviewBox\u001b[39m=\u001b[32m\"0 0 24 24\"\u001b[39m\n                \u001b[33mwidth\u001b[39m=\u001b[32m\"16\"\u001b[39m\n                \u001b[33mxmlns\u001b[39m=\u001b[32m\"http://www.w3.org/2000/svg\"\u001b[39m\n              \u001b[36m>\u001b[39m\n                \u001b[36m<path\u001b[39m\n                  \u001b[33md\u001b[39m=\u001b[32m\"M20 6 9 17l-5-5\"\u001b[39m\n                \u001b[36m/>\u001b[39m\n              \u001b[36m</svg>\u001b[39m\n              \u001b[0m O atributo da categoria fica oculto (???).\u001b[0m\n            \u001b[36m</li>\u001b[39m\n            \u001b[36m<li\u001b[39m\n              \u001b[33mclass\u001b[39m=\u001b[32m\"flex items-center gap-2\"\u001b[39m\n            \u001b[36m>\u001b[39m\n              \u001b[36m<svg\u001b[39m\n                \u001b[33maria-hidden\u001b[39m=\u001b[32m\"true\"\u001b[39m\n                \u001b[33mclass\u001b[39m=\u001b[32m\"lucide lucide-check text-blue-500\"\u001b[39m\n                \u001b[33mfill\u001b[39m=\u001b[32m\"none\"\u001b[39m\n                \u001b[33mheight\u001b[39m=\u001b[32m\"16\"\u001b[39m\n                \u001b[33mstroke\u001b[39m=\u001b[32m\"currentColor\"\u001b[39m\n                \u001b[33mstroke-linecap\u001b[39m=\u001b[32m\"round\"\u001b[39m\n                \u001b[33mstroke-linejoin\u001b[39m=\u001b[32m\"round\"\u001b[39m\n                \u001b[33mstroke-width\u001b[39m=\u001b[32m\"2\"\u001b[39m\n                \u001b[33mviewBox\u001b[39m=\u001b[32m\"0 0 24 24\"\u001b[39m\n                \u001b[33mwidth\u001b[39m=\u001b[32m\"16\"\u001b[39m\n                \u001b[33mxmlns\u001b[39m=\u001b[32m\"http://www.w3.org/2000/svg\"\u001b[39m\n              \u001b[36m>\u001b[39m\n                \u001b[36m<path\u001b[39m\n                  \u001b[33md\u001b[39m=\u001b[32m\"M20 6 9 17l-5-5\"\u001b[39m\n                \u001b[36m/>\u001b[39m\n              \u001b[36m</svg>\u001b[39m\n              \u001b[0m Deduza pelo nome, foto e posição.\u001b[0m\n            \u001b[36m</li>\u001b[39m\n            \u001b[36m<li\u001b[39m\n              \u001b[33mclass\u001b[39m=\u001b[32m\"flex items-center gap-2\"\u001b[39m\n            \u001b[36m>\u001b[39m\n              \u001b[36m<svg\u001b[39m\n                \u001b[33maria-hidden\u001b[39m=\u001b[32m\"true\"\u001b[39m\n                \u001b[33mclass\u001b[39m=\u001b[32m\"lucide lucide-check text-blue-500\"\u001b[39m\n                \u001b[33mfill\u001b[39m=\u001b[32m\"none\"\u001b[39m\n                \u001b[33mheight\u001b[39m=\u001b[32m\"16\"\u001b[39m\n                \u001b[33mstroke\u001b[39m=\u001b[32m\"currentColor\"\u001b[39m\n                \u001b[33mstroke-linecap\u001b[39m=\u001b[32m\"round\"\u001b[39m\n                \u001b[33mstroke-linejoin\u001b[39m=\u001b[32m\"round\"\u001b[39m\n                \u001b[33mstroke-width\u001b[39m=\u001b[32m\"2\"\u001b[39m\n                \u001b[33mviewBox\u001b[39m=\u001b[32m\"0 0 24 24\"\u001b[39m\n                \u001b[33mwidth\u001b[39m=\u001b[32m\"16\"\u001b[39m\n                \u001b[33mxmlns\u001b[39m=\u001b[32m\"http://www.w3.org/2000/svg\"\u001b[39m\n              \u001b[36m>\u001b[39m\n                \u001b[36m<path\u001b[39m\n                  \u001b[33md\u001b[39m=\u001b[32m\"M20 6 9 17l-5-5\"\u001b[39m\n                \u001b[36m/>\u001b[39m\n              \u001b[36m</svg>\u001b[39m\n              \u001b[0m Revelado somente após a escolha.\u001b[0m\n            \u001b[36m</li>\u001b[39m\n          \u001b[36m</ul>\u001b[39m\n        \u001b[36m</button>\u001b[39m\n      \u001b[36m</div>\u001b[39m\n    \u001b[36m</div>\u001b[39m\n  \u001b[36m</div>\u001b[39m\n\u001b[36m</body>\u001b[39m\n    at Object.getElementError (/app/applet/node_modules/@testing-library/dom/dist/config.js:37:19)\n    at /app/applet/node_modules/@testing-library/dom/dist/query-helpers.js:76:38\n    at /app/applet/node_modules/@testing-library/dom/dist/query-helpers.js:52:17\n    at /app/applet/node_modules/@testing-library/dom/dist/query-helpers.js:95:19\n    at /app/applet/src/__tests__/CreationAttributes.test.tsx:35:28\n    at file:///app/applet/node_modules/@vitest/runner/dist/chunk-artifact.js:302:11\n    at file:///app/applet/node_modules/@vitest/runner/dist/chunk-artifact.js:1903:26\n    at file:///app/applet/node_modules/@vitest/runner/dist/chunk-artifact.js:2326:20\n    at new Promise (<anonymous>)\n    at runWithCancel (file:///app/applet/node_modules/@vitest/runner/dist/chunk-artifact.js:2323:10)"],"meta":{},"tags":[]}],"startTime":1785672891426,"endTime":1785672891588.898,"status":"failed","message":"","name":"/app/applet/src/__tests__/CreationAttributes.test.tsx"},{"assertionResults":[{"ancestorTitles":["FlowController"],"fullName":"FlowController renders initial creation screen","status":"passed","title":"renders initial creation screen","duration":100.76412600000003,"failureMessages":[],"meta":{},"tags":[]}],"startTime":1785672921495,"endTime":1785672921595.7642,"status":"passed","message":"","name":"/app/applet/src/__tests__/FlowController.test.tsx"},{"assertionResults":[{"ancestorTitles":["GameEngine Characterization"],"fullName":"GameEngine Characterization INITIAL_STATE has expected values","status":"passed","title":"INITIAL_STATE has expected values","duration":19.24486799999977,"failureMessages":[],"meta":{},"tags":[]},{"ancestorTitles":["GameEngine Characterization"],"fullName":"GameEngine Characterization INITIALIZE_PLAYER updates player info","status":"passed","title":"INITIALIZE_PLAYER updates player info","duration":33.98558200000025,"failureMessages":[],"meta":{},"tags":[]},{"ancestorTitles":["GameEngine Characterization"],"fullName":"GameEngine Characterization SET_DRAFT_LENGTH updates draftLength","status":"passed","title":"SET_DRAFT_LENGTH updates draftLength","duration":5.267894999999953,"failureMessages":[],"meta":{},"tags":[]},{"ancestorTitles":["GameEngine Characterization"],"fullName":"GameEngine Characterization SETUP_CAREER sets club, weekly wage, nextMatch and changes phase to HUB","status":"passed","title":"SETUP_CAREER sets club, weekly wage, nextMatch and changes phase to HUB","duration":22.005377999999837,"failureMessages":[],"meta":{},"tags":[]},{"ancestorTitles":["GameEngine Characterization"],"fullName":"GameEngine Characterization CHANGE_PHASE updates the game phase","status":"passed","title":"CHANGE_PHASE updates the game phase","duration":4.094690999999784,"failureMessages":[],"meta":{},"tags":[]},{"ancestorTitles":["GameEngine Characterization"],"fullName":"GameEngine Characterization SET_TRAINING_PLAN updates the training plan","status":"passed","title":"SET_TRAINING_PLAN updates the training plan","duration":3.2539199999996526,"failureMessages":[],"meta":{},"tags":[]},{"ancestorTitles":["GameEngine Characterization"],"fullName":"GameEngine Characterization ADD_NEWS appends a news item","status":"passed","title":"ADD_NEWS appends a news item","duration":6.75449800000024,"failureMessages":[],"meta":{},"tags":[]},{"ancestorTitles":["GameEngine Characterization","ADVANCE_WEEK mechanics"],"fullName":"GameEngine Characterization ADVANCE_WEEK mechanics Simulates a match if scheduled, pays salary, restores fitness","status":"passed","title":"Simulates a match if scheduled, pays salary, restores fitness","duration":10.405005000000074,"failureMessages":[],"meta":{},"tags":[]},{"ancestorTitles":["GameEngine Characterization","ADVANCE_WEEK mechanics"],"fullName":"GameEngine Characterization ADVANCE_WEEK mechanics Advances year and age after week 52","status":"passed","title":"Advances year and age after week 52","duration":50.54671099999996,"failureMessages":[],"meta":{},"tags":[]},{"ancestorTitles":["GameEngine Characterization"],"fullName":"GameEngine Characterization RESOLVE_EVENT processes event effects and clears active event","status":"passed","title":"RESOLVE_EVENT processes event effects and clears active event","duration":8.685525999999754,"failureMessages":[],"meta":{},"tags":[]}],"startTime":1785672909826,"endTime":1785672909991.6855,"status":"passed","message":"","name":"/app/applet/src/__tests__/GameEngine.characterization.test.tsx"},{"assertionResults":[{"ancestorTitles":["GameEngine"],"fullName":"GameEngine provides initial state correctly","status":"passed","title":"provides initial state correctly","duration":19.235547000000224,"failureMessages":[],"meta":{},"tags":[]},{"ancestorTitles":["GameEngine"],"fullName":"GameEngine can dispatch state updates","status":"passed","title":"can dispatch state updates","duration":59.30969499999992,"failureMessages":[],"meta":{},"tags":[]}],"startTime":1785672940302,"endTime":1785672940380.3098,"status":"passed","message":"","name":"/app/applet/src/__tests__/GameEngine.test.tsx"},{"assertionResults":[{"ancestorTitles":["advanceWeek integration with Season Engine v1"],"fullName":"advanceWeek integration with Season Engine v1 simulates a short season","status":"passed","title":"simulates a short season","duration":105.45464700000002,"failureMessages":[],"meta":{},"tags":[]}],"startTime":1785672917420,"endTime":1785672917525.4546,"status":"passed","message":"","name":"/app/applet/src/__tests__/advanceWeek.integration.test.ts"},{"assertionResults":[{"ancestorTitles":["Club Data"],"fullName":"Club Data ALL_CLUBS should contain imported clubs","status":"passed","title":"ALL_CLUBS should contain imported clubs","duration":1.8954209999997147,"failureMessages":[],"meta":{},"tags":[]},{"ancestorTitles":["Club Data"],"fullName":"Club Data MOCK_STARTER_CLUBS should have logos","status":"passed","title":"MOCK_STARTER_CLUBS should have logos","duration":0.5442069999999148,"failureMessages":[],"meta":{},"tags":[]}],"startTime":1785672929291,"endTime":1785672929293.5442,"status":"passed","message":"","name":"/app/applet/src/__tests__/clubs.test.ts"},{"assertionResults":[{"ancestorTitles":["Competition Domain v1","League Standings"],"fullName":"Competition Domain v1 League Standings creates an empty standing correctly","status":"passed","title":"creates an empty standing correctly","duration":2.472168999999667,"failureMessages":[],"meta":{},"tags":[]},{"ancestorTitles":["Competition Domain v1","League Standings"],"fullName":"Competition Domain v1 League Standings updates standing for a win correctly","status":"passed","title":"updates standing for a win correctly","duration":0.7690929999998843,"failureMessages":[],"meta":{},"tags":[]},{"ancestorTitles":["Competition Domain v1","League Standings"],"fullName":"Competition Domain v1 League Standings updates standing for a draw and loss","status":"passed","title":"updates standing for a draw and loss","duration":0.32963500000005297,"failureMessages":[],"meta":{},"tags":[]},{"ancestorTitles":["Competition Domain v1","League Standings"],"fullName":"Competition Domain v1 League Standings sorts standings by tiebreaker rules","status":"passed","title":"sorts standings by tiebreaker rules","duration":0.379612000000634,"failureMessages":[],"meta":{},"tags":[]},{"ancestorTitles":["Competition Domain v1","League Standings"],"fullName":"Competition Domain v1 League Standings calculates the whole table from fixtures","status":"passed","title":"calculates the whole table from fixtures","duration":0.4605649999994057,"failureMessages":[],"meta":{},"tags":[]},{"ancestorTitles":["Competition Domain v1","League Standings"],"fullName":"Competition Domain v1 League Standings returns the champion correctly","status":"passed","title":"returns the champion correctly","duration":0.2153490000000602,"failureMessages":[],"meta":{},"tags":[]},{"ancestorTitles":["Competition Domain v1","League Scheduling"],"fullName":"Competition Domain v1 League Scheduling generates double round robin for 4 teams","status":"passed","title":"generates double round robin for 4 teams","duration":1.1818750000002183,"failureMessages":[],"meta":{},"tags":[]},{"ancestorTitles":["Competition Domain v1","Knockout System"],"fullName":"Competition Domain v1 Knockout System creates a proper bracket for 8 teams","status":"passed","title":"creates a proper bracket for 8 teams","duration":0.552560999999514,"failureMessages":[],"meta":{},"tags":[]},{"ancestorTitles":["Competition Domain v1","Knockout System"],"fullName":"Competition Domain v1 Knockout System advances a winner to the next round","status":"passed","title":"advances a winner to the next round","duration":0.9234669999996186,"failureMessages":[],"meta":{},"tags":[]},{"ancestorTitles":["Competition Domain v1","Knockout System"],"fullName":"Competition Domain v1 Knockout System handles penalty wins correctly","status":"passed","title":"handles penalty wins correctly","duration":0.3312519999999495,"failureMessages":[],"meta":{},"tags":[]},{"ancestorTitles":["Competition Domain v1","Knockout System"],"fullName":"Competition Domain v1 Knockout System identifies the knockout champion","status":"passed","title":"identifies the knockout champion","duration":0.3272210000004634,"failureMessages":[],"meta":{},"tags":[]}],"startTime":1785672973896,"endTime":1785672973905.3313,"status":"passed","message":"","name":"/app/applet/src/__tests__/competition.test.ts"},{"assertionResults":[{"ancestorTitles":["DraftEngine"],"fullName":"DraftEngine should initialize QUICK draft with 8 rounds","status":"passed","title":"should initialize QUICK draft with 8 rounds","duration":3.4601809999999205,"failureMessages":[],"meta":{},"tags":[]},{"ancestorTitles":["DraftEngine"],"fullName":"DraftEngine should initialize COMPLETE draft with ~17 rounds","status":"passed","title":"should initialize COMPLETE draft with ~17 rounds","duration":0.7401110000000699,"failureMessages":[],"meta":{},"tags":[]},{"ancestorTitles":["DraftEngine"],"fullName":"DraftEngine should generate options per round and select an option","status":"passed","title":"should generate options per round and select an option","duration":1.0276589999998578,"failureMessages":[],"meta":{},"tags":[]},{"ancestorTitles":["DraftEngine"],"fullName":"DraftEngine should apply Player DNA on selection","status":"passed","title":"should apply Player DNA on selection","duration":0.5083850000000893,"failureMessages":[],"meta":{},"tags":[]},{"ancestorTitles":["DraftEngine"],"fullName":"DraftEngine should prevent duplicate idols from appearing frequently","status":"passed","title":"should prevent duplicate idols from appearing frequently","duration":1.1359769999999116,"failureMessages":[],"meta":{},"tags":[]},{"ancestorTitles":["DraftEngine"],"fullName":"DraftEngine should calculate overall and apply attributes correctly","status":"passed","title":"should calculate overall and apply attributes correctly","duration":1.137181000000055,"failureMessages":[],"meta":{},"tags":[]},{"ancestorTitles":["DraftEngine"],"fullName":"DraftEngine should be deterministic given the same seed","status":"passed","title":"should be deterministic given the same seed","duration":0.29900499999985186,"failureMessages":[],"meta":{},"tags":[]},{"ancestorTitles":["DraftEngine"],"fullName":"DraftEngine should resume draft from state","status":"passed","title":"should resume draft from state","duration":0.37065300000040224,"failureMessages":[],"meta":{},"tags":[]}],"startTime":1785672962613,"endTime":1785672962622.3706,"status":"passed","message":"","name":"/app/applet/src/__tests__/draftEngine.test.ts"},{"assertionResults":[{"ancestorTitles":["EventEngine"],"fullName":"EventEngine filters out ineligible events","status":"passed","title":"filters out ineligible events","duration":2.346197000000302,"failureMessages":[],"meta":{},"tags":[]},{"ancestorTitles":["EventEngine"],"fullName":"EventEngine selects based on rarity probabilities","status":"passed","title":"selects based on rarity probabilities","duration":0.4948600000002443,"failureMessages":[],"meta":{},"tags":[]},{"ancestorTitles":["EventEngine"],"fullName":"EventEngine respects cooldowns","status":"passed","title":"respects cooldowns","duration":0.45380100000011225,"failureMessages":[],"meta":{},"tags":[]}],"startTime":1785673021735,"endTime":1785673021738.4949,"status":"passed","message":"","name":"/app/applet/src/__tests__/eventEngine.test.ts"},{"assertionResults":[{"ancestorTitles":["initialState"],"fullName":"initialState creates a new independent object every call","status":"passed","title":"creates a new independent object every call","duration":5.863524999999754,"failureMessages":[],"meta":{},"tags":[]},{"ancestorTitles":["initialState"],"fullName":"initialState accepts partial options","status":"passed","title":"accepts partial options","duration":0.7286180000000968,"failureMessages":[],"meta":{},"tags":[]}],"startTime":1785673014787,"endTime":1785673014793.7285,"status":"passed","message":"","name":"/app/applet/src/__tests__/initialState.test.ts"},{"assertionResults":[{"ancestorTitles":["LegacyEngine"],"fullName":"LegacyEngine calculates legacy correctly for an average career","status":"passed","title":"calculates legacy correctly for an average career","duration":3.7122089999993477,"failureMessages":[],"meta":{},"tags":[]},{"ancestorTitles":["LegacyEngine"],"fullName":"LegacyEngine calculates legacy for a GOAT career","status":"passed","title":"calculates legacy for a GOAT career","duration":2.285069999999905,"failureMessages":[],"meta":{},"tags":[]},{"ancestorTitles":["LegacyEngine"],"fullName":"LegacyEngine detects 90 goals record","status":"passed","title":"detects 90 goals record","duration":0.6293789999999717,"failureMessages":[],"meta":{},"tags":[]}],"startTime":1785673005809,"endTime":1785673005815.6294,"status":"passed","message":"","name":"/app/applet/src/__tests__/legacyEngine.test.ts"},{"assertionResults":[{"ancestorTitles":["matchAdapter"],"fullName":"matchAdapter converts MatchAggregate to legacy MatchStats","status":"passed","title":"converts MatchAggregate to legacy MatchStats","duration":2.845952000000125,"failureMessages":[],"meta":{},"tags":[]},{"ancestorTitles":["matchAdapter"],"fullName":"matchAdapter converts legacy MatchStats to MatchAggregate","status":"passed","title":"converts legacy MatchStats to MatchAggregate","duration":0.8440260000002127,"failureMessages":[],"meta":{},"tags":[]}],"startTime":1785673028692,"endTime":1785673028695.844,"status":"passed","message":"","name":"/app/applet/src/__tests__/matchAdapter.test.ts"},{"assertionResults":[{"ancestorTitles":["matchEngine v1"],"fullName":"matchEngine v1 generates consistent results with the same seed","status":"passed","title":"generates consistent results with the same seed","duration":3.378842000000077,"failureMessages":[],"meta":{},"tags":[]},{"ancestorTitles":["matchEngine v1"],"fullName":"matchEngine v1 stronger team tends to score more goals over multiple tests","status":"passed","title":"stronger team tends to score more goals over multiple tests","duration":1.9571630000000368,"failureMessages":[],"meta":{},"tags":[]},{"ancestorTitles":["matchEngine v1"],"fullName":"matchEngine v1 attackers score more goals than defenders","status":"passed","title":"attackers score more goals than defenders","duration":2.870492000000013,"failureMessages":[],"meta":{},"tags":[]},{"ancestorTitles":["matchEngine v1"],"fullName":"matchEngine v1 playing 0 minutes yields 0 impact","status":"passed","title":"playing 0 minutes yields 0 impact","duration":0.580551000000014,"failureMessages":[],"meta":{},"tags":[]}],"startTime":1785672980602,"endTime":1785672980610.5806,"status":"passed","message":"","name":"/app/applet/src/__tests__/matchEngine.test.ts"},{"assertionResults":[{"ancestorTitles":["NewsEngine"],"fullName":"NewsEngine generateNews should return null if no templates eligible","status":"passed","title":"generateNews should return null if no templates eligible","duration":2.807582999999795,"failureMessages":[],"meta":{},"tags":[]},{"ancestorTitles":["NewsEngine"],"fullName":"NewsEngine generateNews should return match news when context is match","status":"passed","title":"generateNews should return match news when context is match","duration":1.3950380000001132,"failureMessages":[],"meta":{},"tags":[]},{"ancestorTitles":["NewsEngine"],"fullName":"NewsEngine enhanceNews should use enhancer if set","status":"passed","title":"enhanceNews should use enhancer if set","duration":0.5930170000001453,"failureMessages":[],"meta":{},"tags":[]}],"startTime":1785673025292,"endTime":1785673025296.593,"status":"passed","message":"","name":"/app/applet/src/__tests__/newsEngine.test.ts"},{"assertionResults":[{"ancestorTitles":["PlayerProgressionEngine"],"fullName":"PlayerProgressionEngine initializes correctly","status":"passed","title":"initializes correctly","duration":4.84586599999966,"failureMessages":[],"meta":{},"tags":[]},{"ancestorTitles":["PlayerProgressionEngine"],"fullName":"PlayerProgressionEngine accumulates XP over a week for a young player","status":"passed","title":"accumulates XP over a week for a young player","duration":1.1674800000000687,"failureMessages":[],"meta":{},"tags":[]},{"ancestorTitles":["PlayerProgressionEngine"],"fullName":"PlayerProgressionEngine decreases stats for older players past decline age","status":"passed","title":"decreases stats for older players past decline age","duration":1.6390380000002551,"failureMessages":[],"meta":{},"tags":[]},{"ancestorTitles":["PlayerProgressionEngine"],"fullName":"PlayerProgressionEngine triggers breakthrough for great young player performances","status":"passed","title":"triggers breakthrough for great young player performances","duration":0.7289929999997184,"failureMessages":[],"meta":{},"tags":[]}],"startTime":1785672994393,"endTime":1785672994401.729,"status":"passed","message":"","name":"/app/applet/src/__tests__/progressionEngine.test.ts"},{"assertionResults":[{"ancestorTitles":["SaveGameService & LocalStorageSaveRepository"],"fullName":"SaveGameService & LocalStorageSaveRepository should save and load a game state successfully","status":"passed","title":"should save and load a game state successfully","duration":2.8010739999999714,"failureMessages":[],"meta":{},"tags":[]},{"ancestorTitles":["SaveGameService & LocalStorageSaveRepository"],"fullName":"SaveGameService & LocalStorageSaveRepository should list available saves","status":"passed","title":"should list available saves","duration":0.8090099999999438,"failureMessages":[],"meta":{},"tags":[]},{"ancestorTitles":["SaveGameService & LocalStorageSaveRepository"],"fullName":"SaveGameService & LocalStorageSaveRepository should delete a save","status":"passed","title":"should delete a save","duration":0.36084200000004785,"failureMessages":[],"meta":{},"tags":[]},{"ancestorTitles":["SaveGameService & LocalStorageSaveRepository"],"fullName":"SaveGameService & LocalStorageSaveRepository should handle missing saves gracefully","status":"passed","title":"should handle missing saves gracefully","duration":0.39531499999975495,"failureMessages":[],"meta":{},"tags":[]},{"ancestorTitles":["SaveGameService & LocalStorageSaveRepository"],"fullName":"SaveGameService & LocalStorageSaveRepository should export and import save JSON","status":"passed","title":"should export and import save JSON","duration":0.8631740000000718,"failureMessages":[],"meta":{},"tags":[]},{"ancestorTitles":["SaveGameService & LocalStorageSaveRepository"],"fullName":"SaveGameService & LocalStorageSaveRepository should fail to import invalid JSON","status":"passed","title":"should fail to import invalid JSON","duration":8.56560300000001,"failureMessages":[],"meta":{},"tags":[]},{"ancestorTitles":["SaveGameService & LocalStorageSaveRepository"],"fullName":"SaveGameService & LocalStorageSaveRepository should reject corrupted save on load","status":"passed","title":"should reject corrupted save on load","duration":1.0330009999997856,"failureMessages":[],"meta":{},"tags":[]}],"startTime":1785672950510,"endTime":1785672950525.033,"status":"passed","message":"","name":"/app/applet/src/__tests__/saveSystem.test.ts"},{"assertionResults":[{"ancestorTitles":["Season Engine v1"],"fullName":"Season Engine v1 creates a season correctly","status":"passed","title":"creates a season correctly","duration":1.9864500000003318,"failureMessages":[],"meta":{},"tags":[]},{"ancestorTitles":["Season Engine v1"],"fullName":"Season Engine v1 registers a league competition","status":"passed","title":"registers a league competition","duration":10.303155999999944,"failureMessages":[],"meta":{},"tags":[]},{"ancestorTitles":["Season Engine v1"],"fullName":"Season Engine v1 gets next fixture for a club","status":"passed","title":"gets next fixture for a club","duration":1.4270150000002104,"failureMessages":[],"meta":{},"tags":[]},{"ancestorTitles":["Season Engine v1"],"fullName":"Season Engine v1 registers match result and updates table","status":"passed","title":"registers match result and updates table","duration":1.2130440000000817,"failureMessages":[],"meta":{},"tags":[]},{"ancestorTitles":["Season Engine v1"],"fullName":"Season Engine v1 identifies match importance","status":"passed","title":"identifies match importance","duration":0.8269850000006045,"failureMessages":[],"meta":{},"tags":[]},{"ancestorTitles":["Season Engine v1"],"fullName":"Season Engine v1 advances week","status":"passed","title":"advances week","duration":0.22836000000006607,"failureMessages":[],"meta":{},"tags":[]},{"ancestorTitles":["Season Engine v1"],"fullName":"Season Engine v1 finishes competition and identifies champion","status":"passed","title":"finishes competition and identifies champion","duration":0.5452900000000227,"failureMessages":[],"meta":{},"tags":[]},{"ancestorTitles":["Season Engine v1"],"fullName":"Season Engine v1 finishes season and generates summary","status":"passed","title":"finishes season and generates summary","duration":0.491041000000223,"failureMessages":[],"meta":{},"tags":[]}],"startTime":1785672945388,"endTime":1785672945405.491,"status":"passed","message":"","name":"/app/applet/src/__tests__/seasonEngine.test.ts"},{"assertionResults":[{"ancestorTitles":["Selectors and Actions"],"fullName":"Selectors and Actions provides the default player and phase","status":"passed","title":"provides the default player and phase","duration":18.209846000000653,"failureMessages":[],"meta":{},"tags":[]},{"ancestorTitles":["Selectors and Actions"],"fullName":"Selectors and Actions actions.initializePlayer updates player and overall","status":"passed","title":"actions.initializePlayer updates player and overall","duration":58.105278,"failureMessages":[],"meta":{},"tags":[]},{"ancestorTitles":["Selectors and Actions"],"fullName":"Selectors and Actions actions.advancePhase changes the phase","status":"passed","title":"actions.advancePhase changes the phase","duration":4.775464999999713,"failureMessages":[],"meta":{},"tags":[]}],"startTime":1785672934606,"endTime":1785672934687.7754,"status":"passed","message":"","name":"/app/applet/src/__tests__/selectors.test.tsx"},{"assertionResults":[{"ancestorTitles":["simulationEngine"],"fullName":"simulationEngine runs until reaching the target month","status":"passed","title":"runs until reaching the target month","duration":4.112951000000066,"failureMessages":[],"meta":{},"tags":[]},{"ancestorTitles":["simulationEngine"],"fullName":"simulationEngine stops if max iterations is reached","status":"passed","title":"stops if max iterations is reached","duration":1.1941219999998793,"failureMessages":[],"meta":{},"tags":[]},{"ancestorTitles":["simulationEngine"],"fullName":"simulationEngine stops if cancellation token is true","status":"passed","title":"stops if cancellation token is true","duration":0.5751230000005307,"failureMessages":[],"meta":{},"tags":[]},{"ancestorTitles":["simulationEngine"],"fullName":"simulationEngine stops at HIGH_IMPORTANCE_MATCH","status":"passed","title":"stops at HIGH_IMPORTANCE_MATCH","duration":0.7177499999997963,"failureMessages":[],"meta":{},"tags":[]},{"ancestorTitles":["simulationEngine"],"fullName":"simulationEngine stops at FINAL_MATCH","status":"passed","title":"stops at FINAL_MATCH","duration":0.30870599999980186,"failureMessages":[],"meta":{},"tags":[]},{"ancestorTitles":["simulationEngine"],"fullName":"simulationEngine stops if NEXT_MATCH mode and a match is present","status":"passed","title":"stops if NEXT_MATCH mode and a match is present","duration":0.21803499999987253,"failureMessages":[],"meta":{},"tags":[]},{"ancestorTitles":["simulationEngine"],"fullName":"simulationEngine stops on SEVERE_INJURY when an event pops up","status":"passed","title":"stops on SEVERE_INJURY when an event pops up","duration":0.47347499999978027,"failureMessages":[],"meta":{},"tags":[]},{"ancestorTitles":["simulationEngine"],"fullName":"simulationEngine stops on TRANSFER_OFFER","status":"passed","title":"stops on TRANSFER_OFFER","duration":0.2962809999999081,"failureMessages":[],"meta":{},"tags":[]},{"ancestorTitles":["simulationEngine"],"fullName":"simulationEngine handles END_OF_SEASON when advancing to a new year","status":"passed","title":"handles END_OF_SEASON when advancing to a new year","duration":0.7678390000000945,"failureMessages":[],"meta":{},"tags":[]}],"startTime":1785672987780,"endTime":1785672987788.7678,"status":"passed","message":"","name":"/app/applet/src/__tests__/simulationEngine.test.ts"},{"assertionResults":[{"ancestorTitles":["Training Integration in advanceWeek"],"fullName":"Training Integration in advanceWeek applies CHEMISTRY training correctly (boosts relationships)","status":"passed","title":"applies CHEMISTRY training correctly (boosts relationships)","duration":6.13971599999968,"failureMessages":[],"meta":{},"tags":[]},{"ancestorTitles":["Training Integration in advanceWeek"],"fullName":"Training Integration in advanceWeek applies FINISHING training correctly (boosts SHO)","status":"passed","title":"applies FINISHING training correctly (boosts SHO)","duration":1.266475000000355,"failureMessages":[],"meta":{},"tags":[]},{"ancestorTitles":["Training Integration in advanceWeek"],"fullName":"Training Integration in advanceWeek applies REST training correctly (heals fitness)","status":"passed","title":"applies REST training correctly (heals fitness)","duration":0.6032179999992877,"failureMessages":[],"meta":{},"tags":[]}],"startTime":1785672967107,"endTime":1785672967114.6033,"status":"passed","message":"","name":"/app/applet/src/__tests__/training.integration.test.ts"},{"assertionResults":[{"ancestorTitles":["TransferEngine"],"fullName":"TransferEngine calculates overall correctly","status":"passed","title":"calculates overall correctly","duration":2.1894930000003114,"failureMessages":[],"meta":{},"tags":[]},{"ancestorTitles":["TransferEngine"],"fullName":"TransferEngine calculates potential correctly","status":"passed","title":"calculates potential correctly","duration":0.5902230000001509,"failureMessages":[],"meta":{},"tags":[]},{"ancestorTitles":["TransferEngine"],"fullName":"TransferEngine calculates market value correctly","status":"passed","title":"calculates market value correctly","duration":0.3466690000000199,"failureMessages":[],"meta":{},"tags":[]},{"ancestorTitles":["TransferEngine"],"fullName":"TransferEngine detects transfer windows correctly","status":"passed","title":"detects transfer windows correctly","duration":0.5230879999999161,"failureMessages":[],"meta":{},"tags":[]},{"ancestorTitles":["TransferEngine"],"fullName":"TransferEngine generates interest in transfer window","status":"passed","title":"generates interest in transfer window","duration":2.392796999999973,"failureMessages":[],"meta":{},"tags":[]},{"ancestorTitles":["TransferEngine"],"fullName":"TransferEngine creates manual proposal for specific club","status":"passed","title":"creates manual proposal for specific club","duration":0.5762259999996786,"failureMessages":[],"meta":{},"tags":[]},{"ancestorTitles":["TransferEngine"],"fullName":"TransferEngine negotiates proposal successfully","status":"passed","title":"negotiates proposal successfully","duration":0.4158930000003238,"failureMessages":[],"meta":{},"tags":[]},{"ancestorTitles":["TransferEngine"],"fullName":"TransferEngine accepts proposal and updates state","status":"passed","title":"accepts proposal and updates state","duration":0.46658800000022893,"failureMessages":[],"meta":{},"tags":[]},{"ancestorTitles":["TransferEngine"],"fullName":"TransferEngine rejects proposal and updates status","status":"passed","title":"rejects proposal and updates status","duration":0.6198100000001432,"failureMessages":[],"meta":{},"tags":[]},{"ancestorTitles":["TransferEngine"],"fullName":"TransferEngine cleans up expired proposals","status":"passed","title":"cleans up expired proposals","duration":0.38422099999979764,"failureMessages":[],"meta":{},"tags":[]}],"startTime":1785672958988,"endTime":1785672958996.6199,"status":"passed","message":"","name":"/app/applet/src/__tests__/transferEngine.test.ts"},{"assertionResults":[{"ancestorTitles":["Transfers Integration"],"fullName":"Transfers Integration stops simulation when transfer proposal is generated","status":"passed","title":"stops simulation when transfer proposal is generated","duration":5.255020999999942,"failureMessages":[],"meta":{},"tags":[]}],"startTime":1785673000699,"endTime":1785673000704.2551,"status":"passed","message":"","name":"/app/applet/src/__tests__/transfers.integration.test.ts"},{"assertionResults":[{"ancestorTitles":["useSimulation hook"],"fullName":"useSimulation hook starts simulation and processes chunks","status":"passed","title":"starts simulation and processes chunks","duration":117.30973499999982,"failureMessages":[],"meta":{},"tags":[]},{"ancestorTitles":["useSimulation hook"],"fullName":"useSimulation hook allows cancelling simulation","status":"passed","title":"allows cancelling simulation","duration":57.2867940000001,"failureMessages":[],"meta":{},"tags":[]}],"startTime":1785672906017,"endTime":1785672906192.2869,"status":"passed","message":"","name":"/app/applet/src/__tests__/useSimulation.test.tsx"},{"assertionResults":[{"ancestorTitles":["RNG System","DefaultRNG"],"fullName":"RNG System DefaultRNG random() returns float between 0 and 1","status":"passed","title":"random() returns float between 0 and 1","duration":2.357614000000467,"failureMessages":[],"meta":{},"tags":[]},{"ancestorTitles":["RNG System","DefaultRNG"],"fullName":"RNG System DefaultRNG integer() returns int within range","status":"passed","title":"integer() returns int within range","duration":0.45910100000037346,"failureMessages":[],"meta":{},"tags":[]},{"ancestorTitles":["RNG System","DefaultRNG"],"fullName":"RNG System DefaultRNG float() returns float within range","status":"passed","title":"float() returns float within range","duration":0.5857679999999164,"failureMessages":[],"meta":{},"tags":[]},{"ancestorTitles":["RNG System","DefaultRNG"],"fullName":"RNG System DefaultRNG chance() returns boolean","status":"passed","title":"chance() returns boolean","duration":0.24282899999980145,"failureMessages":[],"meta":{},"tags":[]},{"ancestorTitles":["RNG System","DefaultRNG"],"fullName":"RNG System DefaultRNG chance(100) is always true, chance(0) is always false","status":"passed","title":"chance(100) is always true, chance(0) is always false","duration":0.3809049999999843,"failureMessages":[],"meta":{},"tags":[]},{"ancestorTitles":["RNG System","DefaultRNG"],"fullName":"RNG System DefaultRNG pick() selects from array","status":"passed","title":"pick() selects from array","duration":0.8794549999993251,"failureMessages":[],"meta":{},"tags":[]},{"ancestorTitles":["RNG System","DefaultRNG"],"fullName":"RNG System DefaultRNG pick() throws on empty array","status":"passed","title":"pick() throws on empty array","duration":1.3579939999999624,"failureMessages":[],"meta":{},"tags":[]},{"ancestorTitles":["RNG System","DefaultRNG"],"fullName":"RNG System DefaultRNG shuffle() returns same items in array","status":"passed","title":"shuffle() returns same items in array","duration":1.3811670000004597,"failureMessages":[],"meta":{},"tags":[]},{"ancestorTitles":["RNG System","SeededRNG"],"fullName":"RNG System SeededRNG produces deterministic output","status":"passed","title":"produces deterministic output","duration":86.03031099999953,"failureMessages":[],"meta":{},"tags":[]},{"ancestorTitles":["RNG System","SeededRNG"],"fullName":"RNG System SeededRNG produces different output with different seeds","status":"passed","title":"produces different output with different seeds","duration":1.5172789999996894,"failureMessages":[],"meta":{},"tags":[]}],"startTime":1785672955706,"endTime":1785672955801.5173,"status":"passed","message":"","name":"/app/applet/src/utils/rng.test.ts"},{"assertionResults":[{"ancestorTitles":["AppearanceValidator"],"fullName":"AppearanceValidator should return default appearance when given empty object","status":"passed","title":"should return default appearance when given empty object","duration":4.414994000000661,"failureMessages":[],"meta":{},"tags":[]},{"ancestorTitles":["AppearanceValidator"],"fullName":"AppearanceValidator should keep valid appearance properties","status":"passed","title":"should keep valid appearance properties","duration":1.4917859999995926,"failureMessages":[],"meta":{},"tags":[]},{"ancestorTitles":["AppearanceValidator"],"fullName":"AppearanceValidator should fallback to defaults for invalid properties","status":"passed","title":"should fallback to defaults for invalid properties","duration":0.8479579999993803,"failureMessages":[],"meta":{},"tags":[]}],"startTime":1785673011408,"endTime":1785673011415.848,"status":"passed","message":"","name":"/app/applet/src/__tests__/avatar/AppearanceValidator.test.ts"},{"assertionResults":[{"ancestorTitles":["FootballDataRepository"],"fullName":"FootballDataRepository loads clubs correctly","status":"passed","title":"loads clubs correctly","duration":2.363369000000148,"failureMessages":[],"meta":{},"tags":[]},{"ancestorTitles":["FootballDataRepository"],"fullName":"FootballDataRepository validates dataset","status":"passed","title":"validates dataset","duration":0.46821300000010524,"failureMessages":[],"meta":{},"tags":[]},{"ancestorTitles":["FootballDataRepository"],"fullName":"FootballDataRepository returns competitions","status":"passed","title":"returns competitions","duration":0.24341700000013589,"failureMessages":[],"meta":{},"tags":[]},{"ancestorTitles":["FootballDataRepository"],"fullName":"FootballDataRepository returns assets references","status":"passed","title":"returns assets references","duration":0.23099499999989348,"failureMessages":[],"meta":{},"tags":[]},{"ancestorTitles":["FootballDataRepository"],"fullName":"FootballDataRepository filters clubs by league","status":"passed","title":"filters clubs by league","duration":0.38226199999962773,"failureMessages":[],"meta":{},"tags":[]}],"startTime":1785673018202,"endTime":1785673018205.3823,"status":"passed","message":"","name":"/app/applet/src/data/__tests__/FootballDataRepository.test.ts"},{"assertionResults":[{"ancestorTitles":["MuseumView"],"fullName":"MuseumView renders correctly with empty data","status":"passed","title":"renders correctly with empty data","duration":120.18865000000005,"failureMessages":[],"meta":{},"tags":[]},{"ancestorTitles":["MuseumView"],"fullName":"MuseumView switches tabs correctly","status":"passed","title":"switches tabs correctly","duration":430.971055,"failureMessages":[],"meta":{},"tags":[]}],"startTime":1785672901778,"endTime":1785672902328.971,"status":"passed","message":"","name":"/app/applet/src/components/museum/__tests__/MuseumView.test.tsx"},{"assertionResults":[{"ancestorTitles":["TransferHub"],"fullName":"TransferHub renders \"Sem propostas\" when activeProposals is empty","status":"passed","title":"renders \"Sem propostas\" when activeProposals is empty","duration":79.58717400000023,"failureMessages":[],"meta":{},"tags":[]},{"ancestorTitles":["TransferHub"],"fullName":"TransferHub renders proposals and can accept","status":"passed","title":"renders proposals and can accept","duration":45.498447999999826,"failureMessages":[],"meta":{},"tags":[]}],"startTime":1785672913906,"endTime":1785672914030.4985,"status":"passed","message":"","name":"/app/applet/src/presentation/features/transfers/TransferHub.test.tsx"}]}
